<?xml version="1.0" encoding="UTF-8"?>
<testng-results skipped="0" failed="0" total="2" passed="2">
  <reporter-output>
  </reporter-output>
  <suite name="Default suite" duration-ms="1509" started-at="2017-04-08T02:20:36Z" finished-at="2017-04-08T02:20:37Z">
    <groups>
    </groups>
    <test name="Default test" duration-ms="1509" started-at="2017-04-08T02:20:36Z" finished-at="2017-04-08T02:20:37Z">
      <class name="com.wbl.test.HomePageTest">
        <test-method status="PASS" signature="beforeSuite()[pri:0, instance:com.wbl.test.HomePageTest@53b32d7]" name="beforeSuite" is-config="true" duration-ms="30630" started-at="2017-04-07T19:20:05Z" finished-at="2017-04-07T19:20:36Z">
          <reporter-output>
          </reporter-output>
        </test-method> <!-- beforeSuite -->
        <test-method status="PASS" signature="before()[pri:0, instance:com.wbl.test.HomePageTest@53b32d7]" name="before" is-config="true" duration-ms="193" started-at="2017-04-07T19:20:36Z" finished-at="2017-04-07T19:20:36Z">
          <reporter-output>
          </reporter-output>
        </test-method> <!-- before -->
        <test-method status="PASS" signature="testNavigationLinks()[pri:0, instance:com.wbl.test.HomePageTest@53b32d7]" name="testNavigationLinks" duration-ms="41" started-at="2017-04-07T19:20:36Z" finished-at="2017-04-07T19:20:36Z">
          <reporter-output>
          </reporter-output>
        </test-method> <!-- testNavigationLinks -->
        <test-method status="PASS" signature="testSearchBox()[pri:0, instance:com.wbl.test.HomePageTest@53b32d7]" name="testSearchBox" duration-ms="1262" started-at="2017-04-07T19:20:36Z" finished-at="2017-04-07T19:20:37Z">
          <reporter-output>
          </reporter-output>
        </test-method> <!-- testSearchBox -->
        <test-method status="PASS" signature="afterSuite()[pri:0, instance:com.wbl.test.HomePageTest@53b32d7]" name="afterSuite" is-config="true" duration-ms="2325" started-at="2017-04-07T19:20:38Z" finished-at="2017-04-07T19:20:40Z">
          <reporter-output>
          </reporter-output>
        </test-method> <!-- afterSuite -->
      </class> <!-- com.wbl.test.HomePageTest -->
    </test> <!-- Default test -->
  </suite> <!-- Default suite -->
</testng-results>
