<?xml version="1.0" encoding="UTF-8"?>
<!-- Generated by org.testng.reporters.JUnitXMLReporter -->
<testsuite hostname="KFAutie-S47" ignored="0" name="Test" tests="3" failures="0" timestamp="15 Apr 2017 00:34:11 GMT" time="0.039" errors="0">
  <testcase name="testDoCalc" time="0.012" classname="com.wbl.test.CalculatorTest"/>
  <testcase name="testDoCalc" time="0.002" classname="com.wbl.test.CalculatorTest"/>
  <testcase name="testDoCalc" time="0.002" classname="com.wbl.test.CalculatorTest"/>
</testsuite> <!-- Test -->
