<?xml version="1.0" encoding="UTF-8"?>
<!-- Generated by org.testng.reporters.JUnitXMLReporter -->
<testsuite hostname="KFAutie-S47" ignored="0" name="Test2" tests="6" failures="0" timestamp="15 Apr 2017 00:34:11 GMT" time="0.016" errors="0">
  <testcase name="doCalc" time="0.001" classname="com.wbl.main.CalcCommonMethod"/>
  <testcase name="doCalc" time="0.001" classname="com.wbl.main.CalcCommonMethod"/>
  <testcase name="doCalc" time="0.001" classname="com.wbl.main.CalcCommonMethod"/>
  <testcase name="doCalc" time="0.001" classname="com.wbl.main.CalcCommonMethod"/>
  <testcase name="doCalc" time="0.001" classname="com.wbl.main.CalcCommonMethod"/>
  <testcase name="doCalc" time="0.001" classname="com.wbl.main.CalcCommonMethod"/>
</testsuite> <!-- Test2 -->
