<?xml version="1.0" encoding="UTF-8"?>
<!-- Generated by org.testng.reporters.JUnitXMLReporter -->
<testsuite hostname="KFAutie-S47" ignored="0" name="Test3" tests="3" failures="0" timestamp="15 Apr 2017 00:34:11 GMT" time="0.024" errors="0">
  <testcase name="loginTest" time="0.0" classname="com.wbl.test.HomePageTest"/>
  <testcase name="recordingTest" time="0.001" classname="com.wbl.test.HomePageTest"/>
  <testcase name="presentationTest" time="0.001" classname="com.wbl.test.HomePageTest"/>
</testsuite> <!-- Test3 -->
