<?xml version="1.0" encoding="UTF-8"?>
<!-- Generated by org.testng.reporters.JUnitXMLReporter -->
<testsuite hostname="KFAutie-S47" ignored="0" name="Test1" tests="3" failures="0" timestamp="15 Apr 2017 00:34:11 GMT" time="0.628" errors="0">
  <testcase name="testIsPrime1" time="0.305" classname="com.wbl.test.PrimeNumberTest"/>
  <testcase name="testIsPrime2" time="0.302" classname="com.wbl.test.PrimeNumberTest"/>
  <testcase name="testIsPrime3" time="0.003" classname="com.wbl.test.PrimeNumberTest"/>
</testsuite> <!-- Test1 -->
