<?xml version="1.0" encoding="UTF-8"?>
<testng-results skipped="0" failed="0" ignored="0" total="2" passed="2">
  <reporter-output>
  </reporter-output>
  <suite name="Default suite" duration-ms="12749" started-at="2017-06-21T05:22:37Z" finished-at="2017-06-21T05:22:50Z">
    <groups>
    </groups>
    <test name="Default test" duration-ms="12749" started-at="2017-06-21T05:22:37Z" finished-at="2017-06-21T05:22:50Z">
      <class name="com.wbl.test.AmazonLoginTest">
        <test-method status="PASS" signature="beforeSuite()[pri:0, instance:com.wbl.test.AmazonLoginTest@f6c48ac]" name="beforeSuite" is-config="true" duration-ms="32145" started-at="2017-06-20T22:22:05Z" finished-at="2017-06-20T22:22:37Z">
          <reporter-output>
          </reporter-output>
        </test-method> <!-- beforeSuite -->
        <test-method status="PASS" signature="before()[pri:0, instance:com.wbl.test.AmazonLoginTest@f6c48ac]" name="before" is-config="true" duration-ms="4490" started-at="2017-06-20T22:22:37Z" finished-at="2017-06-20T22:22:42Z">
          <reporter-output>
          </reporter-output>
        </test-method> <!-- before -->
        <test-method status="PASS" signature="enterLoginDetailsTest(java.lang.String, java.lang.String)[pri:0, instance:com.wbl.test.AmazonLoginTest@f6c48ac]" name="enterLoginDetailsTest" duration-ms="6719" started-at="2017-06-20T22:22:43Z" data-provider="login" finished-at="2017-06-20T22:22:50Z">
          <params>
            <param index="0">
              <value>
                <![CDATA[pals]]>
              </value>
            </param>
            <param index="1">
              <value>
                <![CDATA[pals.j@abc.com]]>
              </value>
            </param>
          </params>
          <reporter-output>
          </reporter-output>
        </test-method> <!-- enterLoginDetailsTest -->
        <test-method status="PASS" signature="enterLoginDetailsTest(java.lang.String, java.lang.String)[pri:0, instance:com.wbl.test.AmazonLoginTest@f6c48ac]" name="enterLoginDetailsTest" duration-ms="404" started-at="2017-06-20T22:22:50Z" data-provider="login" finished-at="2017-06-20T22:22:50Z">
          <params>
            <param index="0">
              <value>
                <![CDATA[ ]]>
              </value>
            </param>
            <param index="1">
              <value>
                <![CDATA[ ]]>
              </value>
            </param>
          </params>
          <reporter-output>
          </reporter-output>
        </test-method> <!-- enterLoginDetailsTest -->
        <test-method status="PASS" signature="afterSuite()[pri:0, instance:com.wbl.test.AmazonLoginTest@f6c48ac]" name="afterSuite" is-config="true" duration-ms="0" started-at="2017-06-20T22:22:50Z" finished-at="2017-06-20T22:22:50Z">
          <reporter-output>
          </reporter-output>
        </test-method> <!-- afterSuite -->
      </class> <!-- com.wbl.test.AmazonLoginTest -->
    </test> <!-- Default test -->
  </suite> <!-- Default suite -->
</testng-results>
