<?xml version="1.0" encoding="UTF-8"?>
<!-- Generated by org.testng.reporters.JUnitXMLReporter -->
<testsuite hostname="KFAutie-S47" ignored="0" name="Default test" tests="3" failures="0" timestamp="26 May 2017 00:22:23 GMT" time="2.003" errors="0">
  <testcase name="getURLResponseTest" time="1.749" classname="com.wbl.itunesRest.test.itunesAPIMethodsTest"/>
  <testcase name="itunesGetJson" time="0.033" classname="com.wbl.itunesRest.test.itunesAPIMethodsTest"/>
  <testcase name="itunesGetTest" time="0.147" classname="com.wbl.itunesRest.test.itunesAPIMethodsTest"/>
</testsuite> <!-- Default test -->
