<?xml version="1.0" encoding="UTF-8"?>
<!-- Generated by org.testng.reporters.JUnitXMLReporter -->
<testsuite hostname="KFAutie-S47" ignored="0" name="Default test" tests="3" failures="0" timestamp="12 Jul 2017 17:25:02 GMT" time="93.357" errors="0">
  <testcase name="getColorTest" time="0.482" classname="com.wbl.test.SearchDetailsTest"/>
  <testcase name="getQuantityTest" time="10.568" classname="com.wbl.test.SearchDetailsTest"/>
  <testcase name="getSizeTest" time="2.698" classname="com.wbl.test.SearchDetailsTest"/>
</testsuite> <!-- Default test -->
