<?xml version="1.0" encoding="UTF-8"?>
<!-- Generated by org.testng.reporters.JUnitXMLReporter -->
<testsuite hostname="KFAutie-S47" ignored="0" name="Test" tests="3" failures="0" timestamp="12 Jul 2017 23:18:45 GMT" time="66.951" errors="0">
  <testcase name="getColorTest" time="53.452" classname="com.wbl.test.SearchDetailsTest"/>
  <testcase name="getQuantityTest" time="9.963" classname="com.wbl.test.SearchDetailsTest"/>
  <testcase name="getSizeTest" time="2.384" classname="com.wbl.test.SearchDetailsTest"/>
</testsuite> <!-- Test -->
