<?xml version="1.0" encoding="UTF-8"?>
<!-- Generated by org.testng.reporters.JUnitXMLReporter -->
<testsuite hostname="KFAutie-S47" ignored="0" name="Default test" tests="6" failures="0" timestamp="19 Mar 2017 20:36:11 GMT" time="0.06" errors="0">
  <testcase name="doCalc" time="0.023" classname="com.wbl.main.CalcCommonMethod"/>
  <testcase name="doCalc" time="0.001" classname="com.wbl.main.CalcCommonMethod"/>
  <testcase name="doCalc" time="0.001" classname="com.wbl.main.CalcCommonMethod"/>
  <testcase name="doCalc" time="0.001" classname="com.wbl.main.CalcCommonMethod"/>
  <testcase name="doCalc" time="0.001" classname="com.wbl.main.CalcCommonMethod"/>
  <testcase name="doCalc" time="0.002" classname="com.wbl.main.CalcCommonMethod"/>
</testsuite> <!-- Default test -->
