<?xml version="1.0" encoding="UTF-8"?>
<testng-results skipped="0" failed="0" total="1" passed="1">
  <reporter-output>
  </reporter-output>
  <suite name="Default suite" duration-ms="31913" started-at="2017-01-23T06:57:06Z" finished-at="2017-01-23T06:57:38Z">
    <groups>
    </groups>
    <test name="Default test" duration-ms="31913" started-at="2017-01-23T06:57:06Z" finished-at="2017-01-23T06:57:38Z">
      <class name="com.mvn.MavenPractice.FirstMvnTest">
        <test-method status="PASS" signature="FirstTest()[pri:0, instance:com.mvn.MavenPractice.FirstMvnTest@5c7fa833]" name="FirstTest" duration-ms="31897" started-at="2017-01-22T22:57:06Z" finished-at="2017-01-22T22:57:38Z">
          <reporter-output>
          </reporter-output>
        </test-method> <!-- FirstTest -->
      </class> <!-- com.mvn.MavenPractice.FirstMvnTest -->
    </test> <!-- Default test -->
  </suite> <!-- Default suite -->
</testng-results>
