<?xml version="1.0" encoding="UTF-8"?>
<testng-results skipped="0" failed="0" total="1" passed="1">
  <reporter-output>
  </reporter-output>
  <suite name="Default suite" duration-ms="10868" started-at="2017-06-21T23:57:31Z" finished-at="2017-06-21T23:57:42Z">
    <groups>
    </groups>
    <test name="Default test" duration-ms="10868" started-at="2017-06-21T23:57:31Z" finished-at="2017-06-21T23:57:42Z">
      <class name="com.wbl.seleniumGrid.GridTest">
        <test-method status="PASS" signature="setUp()[pri:0, instance:com.wbl.seleniumGrid.GridTest@55f3ddb1]" name="setUp" is-config="true" duration-ms="6213" started-at="2017-06-21T16:57:31Z" finished-at="2017-06-21T16:57:37Z">
          <reporter-output>
          </reporter-output>
        </test-method> <!-- setUp -->
        <test-method status="PASS" signature="getTitle()[pri:0, instance:com.wbl.seleniumGrid.GridTest@55f3ddb1]" name="getTitle" duration-ms="4638" started-at="2017-06-21T16:57:37Z" finished-at="2017-06-21T16:57:42Z">
          <reporter-output>
          </reporter-output>
        </test-method> <!-- getTitle -->
        <test-method status="PASS" signature="afterTest()[pri:0, instance:com.wbl.seleniumGrid.GridTest@55f3ddb1]" name="afterTest" is-config="true" duration-ms="0" started-at="2017-06-21T16:57:42Z" finished-at="2017-06-21T16:57:42Z">
          <reporter-output>
          </reporter-output>
        </test-method> <!-- afterTest -->
      </class> <!-- com.wbl.seleniumGrid.GridTest -->
    </test> <!-- Default test -->
  </suite> <!-- Default suite -->
</testng-results>
