<?xml version="1.0" encoding="UTF-8"?>
<testng-results skipped="0" failed="0" total="1" passed="1">
  <reporter-output>
  </reporter-output>
  <suite name="Default suite" duration-ms="30383" started-at="2017-03-27T19:28:52Z" finished-at="2017-03-27T19:29:22Z">
    <groups>
    </groups>
    <test name="Default test" duration-ms="30383" started-at="2017-03-27T19:28:52Z" finished-at="2017-03-27T19:29:22Z">
      <class name="com.auto.test.KayakHomePageTest">
        <test-method status="PASS" signature="before()[pri:0, instance:com.auto.test.KayakHomePageTest@e25b2fe]" name="before" is-config="true" duration-ms="26929" started-at="2017-03-27T12:28:52Z" finished-at="2017-03-27T12:29:18Z">
          <reporter-output>
          </reporter-output>
        </test-method> <!-- before -->
        <test-method status="PASS" signature="clickHotelsTest()[pri:0, instance:com.auto.test.KayakHomePageTest@e25b2fe]" name="clickHotelsTest" duration-ms="3386" started-at="2017-03-27T12:29:18Z" finished-at="2017-03-27T12:29:22Z">
          <reporter-output>
          </reporter-output>
        </test-method> <!-- clickHotelsTest -->
        <test-method status="PASS" signature="after()[pri:0, instance:com.auto.test.KayakHomePageTest@e25b2fe]" name="after" is-config="true" duration-ms="58" started-at="2017-03-27T12:29:22Z" finished-at="2017-03-27T12:29:22Z">
          <reporter-output>
          </reporter-output>
        </test-method> <!-- after -->
      </class> <!-- com.auto.test.KayakHomePageTest -->
    </test> <!-- Default test -->
  </suite> <!-- Default suite -->
</testng-results>
