<?xml version="1.0" encoding="UTF-8"?>
<!-- Generated by org.testng.reporters.JUnitXMLReporter -->
<testsuite hostname="KFAutie-S47" name="Default test" tests="1" failures="0" timestamp="28 Mar 2017 05:57:59 GMT" time="4.943" errors="0">
  <testcase name="@BeforeClass before" time="0.0" classname="com.auto.test.FlightsPageTest">
    <failure type="org.openqa.selenium.SessionNotCreatedException" message="Unable to create new remote session. desired capabilities = Capabilities [{marionette=true, firefoxOptions=org.openqa.selenium.firefox.FirefoxOptions@1b1473ab, browserName=firefox, moz:firefoxOptions=org.openqa.selenium.firefox.FirefoxOptions@1b1473ab, version=, platform=ANY}], required capabilities = Capabilities [{}]
Build info: version: &amp;apos;3.3.1&amp;apos;, revision: &amp;apos;5234b325d5&amp;apos;, time: &amp;apos;2017-03-10 09:10:29 +0000&amp;apos;
System info: host: &amp;apos;KFAUTIE-S47&amp;apos;, ip: &amp;apos;192.168.56.1&amp;apos;, os.name: &amp;apos;Windows 7&amp;apos;, os.arch: &amp;apos;amd64&amp;apos;, os.version: &amp;apos;6.1&amp;apos;, java.version: &amp;apos;1.8.0_111&amp;apos;
Driver info: driver.version: FirefoxDriver">
      <![CDATA[org.openqa.selenium.SessionNotCreatedException: Unable to create new remote session. desired capabilities = Capabilities [{marionette=true, firefoxOptions=org.openqa.selenium.firefox.FirefoxOptions@1b1473ab, browserName=firefox, moz:firefoxOptions=org.openqa.selenium.firefox.FirefoxOptions@1b1473ab, version=, platform=ANY}], required capabilities = Capabilities [{}]
Build info: version: '3.3.1', revision: '5234b325d5', time: '2017-03-10 09:10:29 +0000'
System info: host: 'KFAUTIE-S47', ip: '192.168.56.1', os.name: 'Windows 7', os.arch: 'amd64', os.version: '6.1', java.version: '1.8.0_111'
Driver info: driver.version: FirefoxDriver
	at org.openqa.selenium.remote.ProtocolHandshake.createSession(ProtocolHandshake.java:91)
	at org.openqa.selenium.remote.HttpCommandExecutor.execute(HttpCommandExecutor.java:141)
	at org.openqa.selenium.remote.service.DriverCommandExecutor.execute(DriverCommandExecutor.java:82)
	at org.openqa.selenium.remote.RemoteWebDriver.execute(RemoteWebDriver.java:601)
	at org.openqa.selenium.remote.RemoteWebDriver.startSession(RemoteWebDriver.java:241)
	at org.openqa.selenium.remote.RemoteWebDriver.<init>(RemoteWebDriver.java:128)
	at org.openqa.selenium.firefox.FirefoxDriver.<init>(FirefoxDriver.java:259)
	at org.openqa.selenium.firefox.FirefoxDriver.<init>(FirefoxDriver.java:247)
	at org.openqa.selenium.firefox.FirefoxDriver.<init>(FirefoxDriver.java:242)
	at org.openqa.selenium.firefox.FirefoxDriver.<init>(FirefoxDriver.java:238)
	at org.openqa.selenium.firefox.FirefoxDriver.<init>(FirefoxDriver.java:127)
	at com.auto.test.FlightsPageTest.before(FlightsPageTest.java:28)
	at sun.reflect.NativeMethodAccessorImpl.invoke0(Native Method)
	at sun.reflect.NativeMethodAccessorImpl.invoke(NativeMethodAccessorImpl.java:62)
	at sun.reflect.DelegatingMethodAccessorImpl.invoke(DelegatingMethodAccessorImpl.java:43)
	at java.lang.reflect.Method.invoke(Method.java:498)
	at org.testng.internal.MethodInvocationHelper.invokeMethod(MethodInvocationHelper.java:85)
	at org.testng.internal.Invoker.invokeConfigurationMethod(Invoker.java:510)
	at org.testng.internal.Invoker.invokeConfigurations(Invoker.java:211)
	at org.testng.internal.Invoker.invokeConfigurations(Invoker.java:138)
	at org.testng.internal.TestMethodWorker.invokeBeforeClassMethods(TestMethodWorker.java:170)
	at org.testng.internal.TestMethodWorker.run(TestMethodWorker.java:104)
	at org.testng.TestRunner.privateRun(TestRunner.java:774)
	at org.testng.TestRunner.run(TestRunner.java:624)
	at org.testng.SuiteRunner.runTest(SuiteRunner.java:359)
	at org.testng.SuiteRunner.runSequentially(SuiteRunner.java:354)
	at org.testng.SuiteRunner.privateRun(SuiteRunner.java:312)
	at org.testng.SuiteRunner.run(SuiteRunner.java:261)
	at org.testng.SuiteRunnerWorker.runSuite(SuiteRunnerWorker.java:52)
	at org.testng.SuiteRunnerWorker.run(SuiteRunnerWorker.java:86)
	at org.testng.TestNG.runSuitesSequentially(TestNG.java:1215)
	at org.testng.TestNG.runSuitesLocally(TestNG.java:1140)
	at org.testng.TestNG.run(TestNG.java:1048)
	at org.testng.remote.AbstractRemoteTestNG.run(AbstractRemoteTestNG.java:132)
	at org.testng.remote.RemoteTestNG.initAndRun(RemoteTestNG.java:236)
	at org.testng.remote.RemoteTestNG.main(RemoteTestNG.java:81)
]]>
    </failure>
  </testcase> <!-- @BeforeClass before -->
  <testcase name="@AfterClass after" time="0.0" classname="com.auto.test.FlightsPageTest">
    <skipped/>
  </testcase> <!-- @AfterClass after -->
  <testcase name="clickFlightsTest" time="0.003" classname="com.auto.test.FlightsPageTest">
    <skipped/>
  </testcase> <!-- clickFlightsTest -->
</testsuite> <!-- Default test -->
